{"/Users/lu7766/Documents/work/Tutor/macbook-pro-keyboard/firebase-lucid/src/Auth/Auth.ts": {"path":"/Users/lu7766/Documents/work/Tutor/macbook-pro-keyboard/firebase-lucid/src/Auth/Auth.ts","statementMap":{"0":{"start":{"line":20,"column":38},"end":{"line":20,"column":null}},"1":{"start":{"line":21,"column":45},"end":{"line":21,"column":null}},"2":{"start":{"line":22,"column":75},"end":{"line":22,"column":null}},"3":{"start":{"line":27,"column":4},"end":{"line":29,"column":null}},"4":{"start":{"line":28,"column":6},"end":{"line":28,"column":null}},"5":{"start":{"line":30,"column":4},"end":{"line":30,"column":null}},"6":{"start":{"line":37,"column":4},"end":{"line":39,"column":null}},"7":{"start":{"line":38,"column":6},"end":{"line":38,"column":null}},"8":{"start":{"line":41,"column":4},"end":{"line":54,"column":null}},"9":{"start":{"line":42,"column":18},"end":{"line":42,"column":null}},"10":{"start":{"line":43,"column":6},"end":{"line":43,"column":null}},"11":{"start":{"line":46,"column":6},"end":{"line":50,"column":null}},"12":{"start":{"line":47,"column":8},"end":{"line":47,"column":null}},"13":{"start":{"line":49,"column":8},"end":{"line":49,"column":null}},"14":{"start":{"line":49,"column":54},"end":{"line":49,"column":68}},"15":{"start":{"line":52,"column":6},"end":{"line":52,"column":null}},"16":{"start":{"line":53,"column":6},"end":{"line":53,"column":null}},"17":{"start":{"line":63,"column":4},"end":{"line":63,"column":null}},"18":{"start":{"line":65,"column":27},"end":{"line":69,"column":null}},"19":{"start":{"line":71,"column":4},"end":{"line":71,"column":null}},"20":{"start":{"line":84,"column":4},"end":{"line":84,"column":null}},"21":{"start":{"line":86,"column":27},"end":{"line":90,"column":null}},"22":{"start":{"line":93,"column":4},"end":{"line":97,"column":null}},"23":{"start":{"line":94,"column":6},"end":{"line":96,"column":null}},"24":{"start":{"line":99,"column":4},"end":{"line":99,"column":null}},"25":{"start":{"line":108,"column":4},"end":{"line":108,"column":null}},"26":{"start":{"line":110,"column":21},"end":{"line":110,"column":null}},"27":{"start":{"line":111,"column":19},"end":{"line":111,"column":null}},"28":{"start":{"line":113,"column":4},"end":{"line":113,"column":null}},"29":{"start":{"line":122,"column":4},"end":{"line":122,"column":null}},"30":{"start":{"line":124,"column":4},"end":{"line":124,"column":null}},"31":{"start":{"line":125,"column":4},"end":{"line":125,"column":null}},"32":{"start":{"line":137,"column":4},"end":{"line":137,"column":null}},"33":{"start":{"line":148,"column":4},"end":{"line":148,"column":null}},"34":{"start":{"line":157,"column":4},"end":{"line":157,"column":null}},"35":{"start":{"line":159,"column":4},"end":{"line":164,"column":null}},"36":{"start":{"line":160,"column":12},"end":{"line":163,"column":null}},"37":{"start":{"line":161,"column":8},"end":{"line":161,"column":null}},"38":{"start":{"line":162,"column":8},"end":{"line":162,"column":null}},"39":{"start":{"line":179,"column":4},"end":{"line":179,"column":null}},"40":{"start":{"line":182,"column":4},"end":{"line":187,"column":null}},"41":{"start":{"line":183,"column":20},"end":{"line":183,"column":null}},"42":{"start":{"line":184,"column":6},"end":{"line":186,"column":null}},"43":{"start":{"line":185,"column":8},"end":{"line":185,"column":null}},"44":{"start":{"line":196,"column":4},"end":{"line":196,"column":null}},"45":{"start":{"line":197,"column":4},"end":{"line":197,"column":null}},"46":{"start":{"line":206,"column":4},"end":{"line":206,"column":null}},"47":{"start":{"line":208,"column":4},"end":{"line":210,"column":null}},"48":{"start":{"line":209,"column":6},"end":{"line":209,"column":null}},"49":{"start":{"line":212,"column":4},"end":{"line":212,"column":null}},"50":{"start":{"line":221,"column":4},"end":{"line":221,"column":null}},"51":{"start":{"line":223,"column":4},"end":{"line":225,"column":null}},"52":{"start":{"line":224,"column":6},"end":{"line":224,"column":null}},"53":{"start":{"line":227,"column":4},"end":{"line":227,"column":null}},"54":{"start":{"line":234,"column":4},"end":{"line":234,"column":null}},"55":{"start":{"line":235,"column":4},"end":{"line":235,"column":null}},"56":{"start":{"line":242,"column":4},"end":{"line":254,"column":null}},"57":{"start":{"line":244,"column":6},"end":{"line":253,"column":null}},"58":{"start":{"line":245,"column":8},"end":{"line":245,"column":null}},"59":{"start":{"line":247,"column":8},"end":{"line":252,"column":null}},"60":{"start":{"line":259,"column":20},"end":{"line":259,"column":null}}},"fnMap":{"0":{"name":"(anonymous_0)","decl":{"start":{"line":24,"column":10},"end":{"line":24,"column":24}},"loc":{"start":{"line":24,"column":24},"end":{"line":24,"column":null}},"line":24},"1":{"name":"(anonymous_1)","decl":{"start":{"line":26,"column":9},"end":{"line":26,"column":29}},"loc":{"start":{"line":26,"column":29},"end":{"line":31,"column":null}},"line":26},"2":{"name":"(anonymous_2)","decl":{"start":{"line":36,"column":2},"end":{"line":36,"column":21}},"loc":{"start":{"line":36,"column":21},"end":{"line":55,"column":null}},"line":36},"3":{"name":"(anonymous_3)","decl":{"start":{"line":46,"column":36},"end":{"line":46,"column":37}},"loc":{"start":{"line":46,"column":46},"end":{"line":50,"column":7}},"line":46},"4":{"name":"(anonymous_4)","decl":{"start":{"line":49,"column":40},"end":{"line":49,"column":41}},"loc":{"start":{"line":49,"column":54},"end":{"line":49,"column":68}},"line":49},"5":{"name":"(anonymous_5)","decl":{"start":{"line":62,"column":8},"end":{"line":62,"column":14}},"loc":{"start":{"line":62,"column":68},"end":{"line":72,"column":null}},"line":62},"6":{"name":"(anonymous_6)","decl":{"start":{"line":83,"column":8},"end":{"line":83,"column":17}},"loc":{"start":{"line":83,"column":60},"end":{"line":100,"column":null}},"line":83},"7":{"name":"(anonymous_7)","decl":{"start":{"line":107,"column":8},"end":{"line":107,"column":49}},"loc":{"start":{"line":107,"column":49},"end":{"line":114,"column":null}},"line":107},"8":{"name":"(anonymous_8)","decl":{"start":{"line":121,"column":8},"end":{"line":121,"column":32}},"loc":{"start":{"line":121,"column":32},"end":{"line":126,"column":null}},"line":121},"9":{"name":"(anonymous_9)","decl":{"start":{"line":136,"column":2},"end":{"line":136,"column":30}},"loc":{"start":{"line":136,"column":30},"end":{"line":138,"column":null}},"line":136},"10":{"name":"(anonymous_10)","decl":{"start":{"line":147,"column":2},"end":{"line":147,"column":19}},"loc":{"start":{"line":147,"column":19},"end":{"line":149,"column":null}},"line":147},"11":{"name":"(anonymous_11)","decl":{"start":{"line":156,"column":8},"end":{"line":156,"column":46}},"loc":{"start":{"line":156,"column":46},"end":{"line":165,"column":null}},"line":156},"12":{"name":"(anonymous_12)","decl":{"start":{"line":159,"column":23},"end":{"line":159,"column":24}},"loc":{"start":{"line":159,"column":36},"end":{"line":164,"column":5}},"line":159},"13":{"name":"(anonymous_13)","decl":{"start":{"line":160,"column":57},"end":{"line":160,"column":58}},"loc":{"start":{"line":160,"column":67},"end":{"line":163,"column":7}},"line":160},"14":{"name":"(anonymous_14)","decl":{"start":{"line":178,"column":2},"end":{"line":178,"column":21}},"loc":{"start":{"line":178,"column":80},"end":{"line":188,"column":null}},"line":178},"15":{"name":"(anonymous_15)","decl":{"start":{"line":182,"column":11},"end":{"line":182,"column":17}},"loc":{"start":{"line":182,"column":17},"end":{"line":187,"column":null}},"line":182},"16":{"name":"(anonymous_16)","decl":{"start":{"line":195,"column":8},"end":{"line":195,"column":31}},"loc":{"start":{"line":195,"column":61},"end":{"line":198,"column":null}},"line":195},"17":{"name":"(anonymous_17)","decl":{"start":{"line":205,"column":8},"end":{"line":205,"column":47}},"loc":{"start":{"line":205,"column":47},"end":{"line":213,"column":null}},"line":205},"18":{"name":"(anonymous_18)","decl":{"start":{"line":220,"column":8},"end":{"line":220,"column":22}},"loc":{"start":{"line":220,"column":88},"end":{"line":228,"column":null}},"line":220},"19":{"name":"(anonymous_19)","decl":{"start":{"line":233,"column":2},"end":{"line":233,"column":26}},"loc":{"start":{"line":233,"column":26},"end":{"line":236,"column":null}},"line":233},"20":{"name":"(anonymous_20)","decl":{"start":{"line":241,"column":10},"end":{"line":241,"column":36}},"loc":{"start":{"line":241,"column":36},"end":{"line":255,"column":null}},"line":241}},"branchMap":{"0":{"loc":{"start":{"line":27,"column":4},"end":{"line":29,"column":null}},"type":"if","locations":[{"start":{"line":27,"column":4},"end":{"line":29,"column":null}},{"start":{},"end":{}}],"line":27},"1":{"loc":{"start":{"line":37,"column":4},"end":{"line":39,"column":null}},"type":"if","locations":[{"start":{"line":37,"column":4},"end":{"line":39,"column":null}},{"start":{},"end":{}}],"line":37},"2":{"loc":{"start":{"line":93,"column":4},"end":{"line":97,"column":null}},"type":"if","locations":[{"start":{"line":93,"column":4},"end":{"line":97,"column":null}},{"start":{},"end":{}}],"line":93},"3":{"loc":{"start":{"line":93,"column":8},"end":{"line":93,"column":39}},"type":"binary-expr","locations":[{"start":{"line":93,"column":8},"end":{"line":93,"column":28}},{"start":{"line":93,"column":28},"end":{"line":93,"column":39}}],"line":93},"4":{"loc":{"start":{"line":95,"column":21},"end":{"line":95,"column":null}},"type":"binary-expr","locations":[{"start":{"line":95,"column":21},"end":{"line":95,"column":41}},{"start":{"line":95,"column":41},"end":{"line":95,"column":null}}],"line":95},"5":{"loc":{"start":{"line":184,"column":6},"end":{"line":186,"column":null}},"type":"if","locations":[{"start":{"line":184,"column":6},"end":{"line":186,"column":null}},{"start":{},"end":{}}],"line":184},"6":{"loc":{"start":{"line":208,"column":4},"end":{"line":210,"column":null}},"type":"if","locations":[{"start":{"line":208,"column":4},"end":{"line":210,"column":null}},{"start":{},"end":{}}],"line":208},"7":{"loc":{"start":{"line":223,"column":4},"end":{"line":225,"column":null}},"type":"if","locations":[{"start":{"line":223,"column":4},"end":{"line":225,"column":null}},{"start":{},"end":{}}],"line":223},"8":{"loc":{"start":{"line":242,"column":4},"end":{"line":254,"column":null}},"type":"if","locations":[{"start":{"line":242,"column":4},"end":{"line":254,"column":null}},{"start":{},"end":{}}],"line":242},"9":{"loc":{"start":{"line":244,"column":6},"end":{"line":253,"column":null}},"type":"if","locations":[{"start":{"line":244,"column":6},"end":{"line":253,"column":null}},{"start":{"line":246,"column":13},"end":{"line":253,"column":null}}],"line":244}},"s":{"0":1,"1":1,"2":1,"3":4,"4":1,"5":4,"6":20,"7":1,"8":19,"9":19,"10":19,"11":19,"12":2,"13":2,"14":1,"15":1,"16":1,"17":4,"18":4,"19":2,"20":3,"21":3,"22":3,"23":2,"24":3,"25":0,"26":0,"27":0,"28":0,"29":1,"30":1,"31":1,"32":2,"33":2,"34":0,"35":0,"36":0,"37":0,"38":0,"39":2,"40":2,"41":1,"42":1,"43":1,"44":1,"45":1,"46":2,"47":2,"48":1,"49":1,"50":2,"51":2,"52":1,"53":1,"54":1,"55":1,"56":14,"57":3,"58":1,"59":2,"60":1},"f":{"0":1,"1":1,"2":20,"3":2,"4":1,"5":4,"6":3,"7":0,"8":1,"9":2,"10":2,"11":0,"12":0,"13":0,"14":2,"15":1,"16":1,"17":2,"18":2,"19":1,"20":14},"b":{"0":[1,3],"1":[1,19],"2":[2,1],"3":[3,2],"4":[2,1],"5":[1,0],"6":[1,1],"7":[1,1],"8":[3,11],"9":[1,2]},"meta":{"lastBranch":10,"lastFunction":21,"lastStatement":61,"seen":{"s:20:38:20:Infinity":0,"s:21:45:21:Infinity":1,"s:22:75:22:Infinity":2,"f:24:10:24:24":0,"f:26:9:26:29":1,"b:27:4:29:Infinity:undefined:undefined:undefined:undefined":0,"s:27:4:29:Infinity":3,"s:28:6:28:Infinity":4,"s:30:4:30:Infinity":5,"f:36:2:36:21":2,"b:37:4:39:Infinity:undefined:undefined:undefined:undefined":1,"s:37:4:39:Infinity":6,"s:38:6:38:Infinity":7,"s:41:4:54:Infinity":8,"s:42:18:42:Infinity":9,"s:43:6:43:Infinity":10,"s:46:6:50:Infinity":11,"f:46:36:46:37":3,"s:47:8:47:Infinity":12,"s:49:8:49:Infinity":13,"f:49:40:49:41":4,"s:49:54:49:68":14,"s:52:6:52:Infinity":15,"s:53:6:53:Infinity":16,"f:62:8:62:14":5,"s:63:4:63:Infinity":17,"s:65:27:69:Infinity":18,"s:71:4:71:Infinity":19,"f:83:8:83:17":6,"s:84:4:84:Infinity":20,"s:86:27:90:Infinity":21,"b:93:4:97:Infinity:undefined:undefined:undefined:undefined":2,"s:93:4:97:Infinity":22,"b:93:8:93:28:93:28:93:39":3,"s:94:6:96:Infinity":23,"b:95:21:95:41:95:41:95:Infinity":4,"s:99:4:99:Infinity":24,"f:107:8:107:49":7,"s:108:4:108:Infinity":25,"s:110:21:110:Infinity":26,"s:111:19:111:Infinity":27,"s:113:4:113:Infinity":28,"f:121:8:121:32":8,"s:122:4:122:Infinity":29,"s:124:4:124:Infinity":30,"s:125:4:125:Infinity":31,"f:136:2:136:30":9,"s:137:4:137:Infinity":32,"f:147:2:147:19":10,"s:148:4:148:Infinity":33,"f:156:8:156:46":11,"s:157:4:157:Infinity":34,"s:159:4:164:Infinity":35,"f:159:23:159:24":12,"s:160:12:163:Infinity":36,"f:160:57:160:58":13,"s:161:8:161:Infinity":37,"s:162:8:162:Infinity":38,"f:178:2:178:21":14,"s:179:4:179:Infinity":39,"s:182:4:187:Infinity":40,"f:182:11:182:17":15,"s:183:20:183:Infinity":41,"b:184:6:186:Infinity:undefined:undefined:undefined:undefined":5,"s:184:6:186:Infinity":42,"s:185:8:185:Infinity":43,"f:195:8:195:31":16,"s:196:4:196:Infinity":44,"s:197:4:197:Infinity":45,"f:205:8:205:47":17,"s:206:4:206:Infinity":46,"b:208:4:210:Infinity:undefined:undefined:undefined:undefined":6,"s:208:4:210:Infinity":47,"s:209:6:209:Infinity":48,"s:212:4:212:Infinity":49,"f:220:8:220:22":18,"s:221:4:221:Infinity":50,"b:223:4:225:Infinity:undefined:undefined:undefined:undefined":7,"s:223:4:225:Infinity":51,"s:224:6:224:Infinity":52,"s:227:4:227:Infinity":53,"f:233:2:233:26":19,"s:234:4:234:Infinity":54,"s:235:4:235:Infinity":55,"f:241:10:241:36":20,"b:242:4:254:Infinity:undefined:undefined:undefined:undefined":8,"s:242:4:254:Infinity":56,"b:244:6:253:Infinity:246:13:253:Infinity":9,"s:244:6:253:Infinity":57,"s:245:8:245:Infinity":58,"s:247:8:252:Infinity":59,"s:259:20:259:Infinity":60}}}
,"/Users/lu7766/Documents/work/Tutor/macbook-pro-keyboard/firebase-lucid/src/Database/Database.ts": {"path":"/Users/lu7766/Documents/work/Tutor/macbook-pro-keyboard/firebase-lucid/src/Database/Database.ts","statementMap":{"0":{"start":{"line":7,"column":36},"end":{"line":7,"column":null}},"1":{"start":{"line":8,"column":40},"end":{"line":8,"column":null}},"2":{"start":{"line":9,"column":24},"end":{"line":9,"column":null}},"3":{"start":{"line":14,"column":4},"end":{"line":16,"column":null}},"4":{"start":{"line":15,"column":6},"end":{"line":15,"column":null}},"5":{"start":{"line":17,"column":4},"end":{"line":17,"column":null}},"6":{"start":{"line":35,"column":4},"end":{"line":38,"column":null}},"7":{"start":{"line":36,"column":6},"end":{"line":36,"column":null}},"8":{"start":{"line":37,"column":6},"end":{"line":37,"column":null}},"9":{"start":{"line":40,"column":4},"end":{"line":49,"column":null}},"10":{"start":{"line":41,"column":29},"end":{"line":41,"column":null}},"11":{"start":{"line":42,"column":6},"end":{"line":42,"column":null}},"12":{"start":{"line":43,"column":6},"end":{"line":43,"column":null}},"13":{"start":{"line":44,"column":6},"end":{"line":44,"column":null}},"14":{"start":{"line":45,"column":6},"end":{"line":45,"column":null}},"15":{"start":{"line":47,"column":6},"end":{"line":47,"column":null}},"16":{"start":{"line":48,"column":6},"end":{"line":48,"column":null}},"17":{"start":{"line":57,"column":4},"end":{"line":64,"column":null}},"18":{"start":{"line":58,"column":6},"end":{"line":63,"column":null}},"19":{"start":{"line":65,"column":4},"end":{"line":65,"column":null}},"20":{"start":{"line":73,"column":4},"end":{"line":75,"column":null}},"21":{"start":{"line":74,"column":6},"end":{"line":74,"column":null}},"22":{"start":{"line":76,"column":4},"end":{"line":76,"column":null}},"23":{"start":{"line":83,"column":4},"end":{"line":83,"column":null}},"24":{"start":{"line":90,"column":4},"end":{"line":90,"column":null}},"25":{"start":{"line":91,"column":4},"end":{"line":91,"column":null}},"26":{"start":{"line":92,"column":4},"end":{"line":92,"column":null}},"27":{"start":{"line":97,"column":18},"end":{"line":97,"column":null}}},"fnMap":{"0":{"name":"(anonymous_0)","decl":{"start":{"line":11,"column":10},"end":{"line":11,"column":24}},"loc":{"start":{"line":11,"column":24},"end":{"line":11,"column":null}},"line":11},"1":{"name":"(anonymous_1)","decl":{"start":{"line":13,"column":9},"end":{"line":13,"column":33}},"loc":{"start":{"line":13,"column":33},"end":{"line":18,"column":null}},"line":13},"2":{"name":"(anonymous_2)","decl":{"start":{"line":34,"column":2},"end":{"line":34,"column":13}},"loc":{"start":{"line":34,"column":45},"end":{"line":50,"column":null}},"line":34},"3":{"name":"(anonymous_3)","decl":{"start":{"line":56,"column":2},"end":{"line":56,"column":28}},"loc":{"start":{"line":56,"column":28},"end":{"line":66,"column":null}},"line":56},"4":{"name":"(anonymous_4)","decl":{"start":{"line":72,"column":2},"end":{"line":72,"column":24}},"loc":{"start":{"line":72,"column":24},"end":{"line":77,"column":null}},"line":72},"5":{"name":"(anonymous_5)","decl":{"start":{"line":82,"column":2},"end":{"line":82,"column":27}},"loc":{"start":{"line":82,"column":27},"end":{"line":84,"column":null}},"line":82},"6":{"name":"(anonymous_6)","decl":{"start":{"line":89,"column":2},"end":{"line":89,"column":16}},"loc":{"start":{"line":89,"column":16},"end":{"line":93,"column":null}},"line":89}},"branchMap":{"0":{"loc":{"start":{"line":14,"column":4},"end":{"line":16,"column":null}},"type":"if","locations":[{"start":{"line":14,"column":4},"end":{"line":16,"column":null}},{"start":{},"end":{}}],"line":14},"1":{"loc":{"start":{"line":35,"column":4},"end":{"line":38,"column":null}},"type":"if","locations":[{"start":{"line":35,"column":4},"end":{"line":38,"column":null}},{"start":{},"end":{}}],"line":35},"2":{"loc":{"start":{"line":41,"column":29},"end":{"line":41,"column":null}},"type":"binary-expr","locations":[{"start":{"line":41,"column":29},"end":{"line":41,"column":39}},{"start":{"line":41,"column":39},"end":{"line":41,"column":null}}],"line":41},"3":{"loc":{"start":{"line":57,"column":4},"end":{"line":64,"column":null}},"type":"if","locations":[{"start":{"line":57,"column":4},"end":{"line":64,"column":null}},{"start":{},"end":{}}],"line":57},"4":{"loc":{"start":{"line":73,"column":4},"end":{"line":75,"column":null}},"type":"if","locations":[{"start":{"line":73,"column":4},"end":{"line":75,"column":null}},{"start":{},"end":{}}],"line":73}},"s":{"0":8,"1":8,"2":8,"3":7,"4":4,"5":7,"6":111,"7":2,"8":2,"9":109,"10":109,"11":111,"12":111,"13":111,"14":111,"15":1,"16":1,"17":54,"18":2,"19":52,"20":22,"21":3,"22":19,"23":10,"24":118,"25":118,"26":118,"27":4},"f":{"0":4,"1":8,"2":111,"3":54,"4":22,"5":10,"6":118},"b":{"0":[4,3],"1":[2,109],"2":[109,1],"3":[2,52],"4":[3,19]},"meta":{"lastBranch":5,"lastFunction":7,"lastStatement":28,"seen":{"s:7:36:7:Infinity":0,"s:8:40:8:Infinity":1,"s:9:24:9:Infinity":2,"f:11:10:11:24":0,"f:13:9:13:33":1,"b:14:4:16:Infinity:undefined:undefined:undefined:undefined":0,"s:14:4:16:Infinity":3,"s:15:6:15:Infinity":4,"s:17:4:17:Infinity":5,"f:34:2:34:13":2,"b:35:4:38:Infinity:undefined:undefined:undefined:undefined":1,"s:35:4:38:Infinity":6,"s:36:6:36:Infinity":7,"s:37:6:37:Infinity":8,"s:40:4:49:Infinity":9,"s:41:29:41:Infinity":10,"b:41:29:41:39:41:39:41:Infinity":2,"s:42:6:42:Infinity":11,"s:43:6:43:Infinity":12,"s:44:6:44:Infinity":13,"s:45:6:45:Infinity":14,"s:47:6:47:Infinity":15,"s:48:6:48:Infinity":16,"f:56:2:56:28":3,"b:57:4:64:Infinity:undefined:undefined:undefined:undefined":3,"s:57:4:64:Infinity":17,"s:58:6:63:Infinity":18,"s:65:4:65:Infinity":19,"f:72:2:72:24":4,"b:73:4:75:Infinity:undefined:undefined:undefined:undefined":4,"s:73:4:75:Infinity":20,"s:74:6:74:Infinity":21,"s:76:4:76:Infinity":22,"f:82:2:82:27":5,"s:83:4:83:Infinity":23,"f:89:2:89:16":6,"s:90:4:90:Infinity":24,"s:91:4:91:Infinity":25,"s:92:4:92:Infinity":26,"s:97:18:97:Infinity":27}}}
,"/Users/lu7766/Documents/work/Tutor/macbook-pro-keyboard/firebase-lucid/src/Database/Model.ts": {"path":"/Users/lu7766/Documents/work/Tutor/macbook-pro-keyboard/firebase-lucid/src/Database/Model.ts","statementMap":{"0":{"start":{"line":23,"column":43},"end":{"line":25,"column":null}},"1":{"start":{"line":32,"column":4},"end":{"line":34,"column":null}},"2":{"start":{"line":33,"column":6},"end":{"line":33,"column":null}},"3":{"start":{"line":36,"column":4},"end":{"line":36,"column":null}},"4":{"start":{"line":45,"column":23},"end":{"line":45,"column":null}},"5":{"start":{"line":46,"column":4},"end":{"line":46,"column":null}},"6":{"start":{"line":55,"column":23},"end":{"line":55,"column":null}},"7":{"start":{"line":56,"column":4},"end":{"line":56,"column":null}},"8":{"start":{"line":65,"column":23},"end":{"line":65,"column":null}},"9":{"start":{"line":66,"column":28},"end":{"line":66,"column":null}},"10":{"start":{"line":67,"column":22},"end":{"line":67,"column":null}},"11":{"start":{"line":69,"column":10},"end":{"line":69,"column":null}},"12":{"start":{"line":70,"column":20},"end":{"line":70,"column":null}},"13":{"start":{"line":72,"column":4},"end":{"line":74,"column":null}},"14":{"start":{"line":73,"column":6},"end":{"line":73,"column":null}},"15":{"start":{"line":76,"column":4},"end":{"line":76,"column":null}},"16":{"start":{"line":85,"column":23},"end":{"line":85,"column":null}},"17":{"start":{"line":86,"column":19},"end":{"line":86,"column":null}},"18":{"start":{"line":87,"column":4},"end":{"line":89,"column":null}},"19":{"start":{"line":88,"column":6},"end":{"line":88,"column":null}},"20":{"start":{"line":90,"column":4},"end":{"line":90,"column":null}},"21":{"start":{"line":99,"column":23},"end":{"line":99,"column":null}},"22":{"start":{"line":100,"column":28},"end":{"line":100,"column":null}},"23":{"start":{"line":101,"column":22},"end":{"line":101,"column":null}},"24":{"start":{"line":104,"column":25},"end":{"line":104,"column":null}},"25":{"start":{"line":106,"column":4},"end":{"line":109,"column":null}},"26":{"start":{"line":107,"column":6},"end":{"line":107,"column":null}},"27":{"start":{"line":108,"column":6},"end":{"line":108,"column":null}},"28":{"start":{"line":112,"column":4},"end":{"line":112,"column":null}},"29":{"start":{"line":115,"column":10},"end":{"line":115,"column":null}},"30":{"start":{"line":116,"column":19},"end":{"line":116,"column":null}},"31":{"start":{"line":119,"column":4},"end":{"line":119,"column":null}},"32":{"start":{"line":132,"column":23},"end":{"line":132,"column":null}},"33":{"start":{"line":133,"column":28},"end":{"line":133,"column":null}},"34":{"start":{"line":134,"column":22},"end":{"line":134,"column":null}},"35":{"start":{"line":137,"column":25},"end":{"line":137,"column":null}},"36":{"start":{"line":139,"column":4},"end":{"line":142,"column":null}},"37":{"start":{"line":140,"column":6},"end":{"line":140,"column":null}},"38":{"start":{"line":141,"column":6},"end":{"line":141,"column":null}},"39":{"start":{"line":145,"column":4},"end":{"line":145,"column":null}},"40":{"start":{"line":148,"column":10},"end":{"line":148,"column":null}},"41":{"start":{"line":149,"column":4},"end":{"line":149,"column":null}},"42":{"start":{"line":152,"column":4},"end":{"line":152,"column":null}},"43":{"start":{"line":164,"column":23},"end":{"line":164,"column":null}},"44":{"start":{"line":165,"column":4},"end":{"line":165,"column":null}},"45":{"start":{"line":165,"column":47},"end":{"line":165,"column":70}},"46":{"start":{"line":174,"column":23},"end":{"line":174,"column":null}},"47":{"start":{"line":175,"column":20},"end":{"line":175,"column":null}},"48":{"start":{"line":176,"column":4},"end":{"line":176,"column":null}},"49":{"start":{"line":185,"column":23},"end":{"line":185,"column":null}},"50":{"start":{"line":186,"column":27},"end":{"line":186,"column":null}},"51":{"start":{"line":187,"column":22},"end":{"line":187,"column":null}},"52":{"start":{"line":189,"column":10},"end":{"line":189,"column":null}},"53":{"start":{"line":190,"column":4},"end":{"line":190,"column":null}},"54":{"start":{"line":197,"column":21},"end":{"line":197,"column":null}},"55":{"start":{"line":198,"column":4},"end":{"line":198,"column":null}},"56":{"start":{"line":201,"column":4},"end":{"line":201,"column":null}},"57":{"start":{"line":204,"column":4},"end":{"line":206,"column":null}},"58":{"start":{"line":205,"column":6},"end":{"line":205,"column":null}},"59":{"start":{"line":207,"column":4},"end":{"line":209,"column":null}},"60":{"start":{"line":208,"column":6},"end":{"line":208,"column":null}},"61":{"start":{"line":211,"column":4},"end":{"line":211,"column":null}},"62":{"start":{"line":221,"column":4},"end":{"line":221,"column":null}},"63":{"start":{"line":222,"column":4},"end":{"line":222,"column":null}},"64":{"start":{"line":232,"column":4},"end":{"line":234,"column":null}},"65":{"start":{"line":233,"column":6},"end":{"line":233,"column":null}},"66":{"start":{"line":236,"column":23},"end":{"line":236,"column":null}},"67":{"start":{"line":237,"column":28},"end":{"line":237,"column":null}},"68":{"start":{"line":238,"column":22},"end":{"line":238,"column":null}},"69":{"start":{"line":240,"column":10},"end":{"line":240,"column":null}},"70":{"start":{"line":241,"column":28},"end":{"line":241,"column":null}},"71":{"start":{"line":244,"column":4},"end":{"line":247,"column":null}},"72":{"start":{"line":245,"column":6},"end":{"line":245,"column":null}},"73":{"start":{"line":246,"column":6},"end":{"line":246,"column":null}},"74":{"start":{"line":250,"column":4},"end":{"line":250,"column":null}},"75":{"start":{"line":251,"column":4},"end":{"line":251,"column":null}},"76":{"start":{"line":253,"column":4},"end":{"line":253,"column":null}},"77":{"start":{"line":255,"column":4},"end":{"line":255,"column":null}},"78":{"start":{"line":264,"column":4},"end":{"line":266,"column":null}},"79":{"start":{"line":265,"column":6},"end":{"line":265,"column":null}},"80":{"start":{"line":268,"column":23},"end":{"line":268,"column":null}},"81":{"start":{"line":269,"column":28},"end":{"line":269,"column":null}},"82":{"start":{"line":270,"column":22},"end":{"line":270,"column":null}},"83":{"start":{"line":272,"column":10},"end":{"line":272,"column":null}},"84":{"start":{"line":273,"column":4},"end":{"line":273,"column":null}},"85":{"start":{"line":282,"column":4},"end":{"line":284,"column":null}},"86":{"start":{"line":283,"column":6},"end":{"line":283,"column":null}},"87":{"start":{"line":286,"column":23},"end":{"line":286,"column":null}},"88":{"start":{"line":287,"column":18},"end":{"line":287,"column":null}},"89":{"start":{"line":289,"column":4},"end":{"line":291,"column":null}},"90":{"start":{"line":290,"column":6},"end":{"line":290,"column":null}},"91":{"start":{"line":293,"column":4},"end":{"line":293,"column":null}},"92":{"start":{"line":294,"column":4},"end":{"line":294,"column":null}},"93":{"start":{"line":301,"column":38},"end":{"line":301,"column":null}},"94":{"start":{"line":303,"column":4},"end":{"line":314,"column":null}},"95":{"start":{"line":304,"column":6},"end":{"line":313,"column":null}},"96":{"start":{"line":305,"column":22},"end":{"line":305,"column":null}},"97":{"start":{"line":308,"column":8},"end":{"line":310,"column":null}},"98":{"start":{"line":309,"column":10},"end":{"line":309,"column":null}},"99":{"start":{"line":312,"column":8},"end":{"line":312,"column":null}},"100":{"start":{"line":316,"column":4},"end":{"line":316,"column":null}}},"fnMap":{"0":{"name":"(anonymous_0)","decl":{"start":{"line":31,"column":9},"end":{"line":31,"column":37}},"loc":{"start":{"line":31,"column":37},"end":{"line":37,"column":null}},"line":31},"1":{"name":"(anonymous_1)","decl":{"start":{"line":44,"column":9},"end":{"line":44,"column":68}},"loc":{"start":{"line":44,"column":68},"end":{"line":47,"column":null}},"line":44},"2":{"name":"(anonymous_2)","decl":{"start":{"line":54,"column":15},"end":{"line":54,"column":69}},"loc":{"start":{"line":54,"column":69},"end":{"line":57,"column":null}},"line":54},"3":{"name":"(anonymous_3)","decl":{"start":{"line":64,"column":15},"end":{"line":64,"column":56}},"loc":{"start":{"line":64,"column":87},"end":{"line":77,"column":null}},"line":64},"4":{"name":"(anonymous_4)","decl":{"start":{"line":84,"column":15},"end":{"line":84,"column":62}},"loc":{"start":{"line":84,"column":86},"end":{"line":91,"column":null}},"line":84},"5":{"name":"(anonymous_5)","decl":{"start":{"line":98,"column":15},"end":{"line":98,"column":58}},"loc":{"start":{"line":98,"column":88},"end":{"line":120,"column":null}},"line":98},"6":{"name":"(anonymous_6)","decl":{"start":{"line":127,"column":15},"end":{"line":127,"column":null}},"loc":{"start":{"line":131,"column":16},"end":{"line":153,"column":null}},"line":131},"7":{"name":"(anonymous_7)","decl":{"start":{"line":163,"column":15},"end":{"line":163,"column":62}},"loc":{"start":{"line":163,"column":101},"end":{"line":166,"column":null}},"line":163},"8":{"name":"(anonymous_8)","decl":{"start":{"line":165,"column":37},"end":{"line":165,"column":38}},"loc":{"start":{"line":165,"column":47},"end":{"line":165,"column":70}},"line":165},"9":{"name":"(anonymous_9)","decl":{"start":{"line":173,"column":15},"end":{"line":173,"column":76}},"loc":{"start":{"line":173,"column":76},"end":{"line":177,"column":null}},"line":173},"10":{"name":"(anonymous_10)","decl":{"start":{"line":184,"column":15},"end":{"line":184,"column":23}},"loc":{"start":{"line":184,"column":50},"end":{"line":191,"column":null}},"line":184},"11":{"name":"(anonymous_11)","decl":{"start":{"line":196,"column":19},"end":{"line":196,"column":27}},"loc":{"start":{"line":196,"column":66},"end":{"line":212,"column":null}},"line":196},"12":{"name":"(anonymous_12)","decl":{"start":{"line":220,"column":2},"end":{"line":220,"column":8}},"loc":{"start":{"line":220,"column":35},"end":{"line":223,"column":null}},"line":220},"13":{"name":"(anonymous_13)","decl":{"start":{"line":231,"column":8},"end":{"line":231,"column":30}},"loc":{"start":{"line":231,"column":30},"end":{"line":256,"column":null}},"line":231},"14":{"name":"(anonymous_14)","decl":{"start":{"line":263,"column":8},"end":{"line":263,"column":32}},"loc":{"start":{"line":263,"column":32},"end":{"line":274,"column":null}},"line":263},"15":{"name":"(anonymous_15)","decl":{"start":{"line":281,"column":8},"end":{"line":281,"column":33}},"loc":{"start":{"line":281,"column":33},"end":{"line":295,"column":null}},"line":281},"16":{"name":"(anonymous_16)","decl":{"start":{"line":300,"column":2},"end":{"line":300,"column":32}},"loc":{"start":{"line":300,"column":32},"end":{"line":317,"column":null}},"line":300}},"branchMap":{"0":{"loc":{"start":{"line":32,"column":4},"end":{"line":34,"column":null}},"type":"if","locations":[{"start":{"line":32,"column":4},"end":{"line":34,"column":null}},{"start":{},"end":{}}],"line":32},"1":{"loc":{"start":{"line":72,"column":4},"end":{"line":74,"column":null}},"type":"if","locations":[{"start":{"line":72,"column":4},"end":{"line":74,"column":null}},{"start":{},"end":{}}],"line":72},"2":{"loc":{"start":{"line":87,"column":4},"end":{"line":89,"column":null}},"type":"if","locations":[{"start":{"line":87,"column":4},"end":{"line":89,"column":null}},{"start":{},"end":{}}],"line":87},"3":{"loc":{"start":{"line":106,"column":4},"end":{"line":109,"column":null}},"type":"if","locations":[{"start":{"line":106,"column":4},"end":{"line":109,"column":null}},{"start":{},"end":{}}],"line":106},"4":{"loc":{"start":{"line":139,"column":4},"end":{"line":142,"column":null}},"type":"if","locations":[{"start":{"line":139,"column":4},"end":{"line":142,"column":null}},{"start":{},"end":{}}],"line":139},"5":{"loc":{"start":{"line":176,"column":11},"end":{"line":176,"column":null}},"type":"binary-expr","locations":[{"start":{"line":176,"column":11},"end":{"line":176,"column":25}},{"start":{"line":176,"column":25},"end":{"line":176,"column":null}}],"line":176},"6":{"loc":{"start":{"line":204,"column":4},"end":{"line":206,"column":null}},"type":"if","locations":[{"start":{"line":204,"column":4},"end":{"line":206,"column":null}},{"start":{},"end":{}}],"line":204},"7":{"loc":{"start":{"line":207,"column":4},"end":{"line":209,"column":null}},"type":"if","locations":[{"start":{"line":207,"column":4},"end":{"line":209,"column":null}},{"start":{},"end":{}}],"line":207},"8":{"loc":{"start":{"line":232,"column":4},"end":{"line":234,"column":null}},"type":"if","locations":[{"start":{"line":232,"column":4},"end":{"line":234,"column":null}},{"start":{},"end":{}}],"line":232},"9":{"loc":{"start":{"line":244,"column":4},"end":{"line":247,"column":null}},"type":"if","locations":[{"start":{"line":244,"column":4},"end":{"line":247,"column":null}},{"start":{},"end":{}}],"line":244},"10":{"loc":{"start":{"line":264,"column":4},"end":{"line":266,"column":null}},"type":"if","locations":[{"start":{"line":264,"column":4},"end":{"line":266,"column":null}},{"start":{},"end":{}}],"line":264},"11":{"loc":{"start":{"line":282,"column":4},"end":{"line":284,"column":null}},"type":"if","locations":[{"start":{"line":282,"column":4},"end":{"line":284,"column":null}},{"start":{},"end":{}}],"line":282},"12":{"loc":{"start":{"line":289,"column":4},"end":{"line":291,"column":null}},"type":"if","locations":[{"start":{"line":289,"column":4},"end":{"line":291,"column":null}},{"start":{},"end":{}}],"line":289},"13":{"loc":{"start":{"line":304,"column":6},"end":{"line":313,"column":null}},"type":"if","locations":[{"start":{"line":304,"column":6},"end":{"line":313,"column":null}},{"start":{},"end":{}}],"line":304},"14":{"loc":{"start":{"line":308,"column":8},"end":{"line":310,"column":null}},"type":"if","locations":[{"start":{"line":308,"column":8},"end":{"line":310,"column":null}},{"start":{},"end":{}}],"line":308},"15":{"loc":{"start":{"line":308,"column":12},"end":{"line":308,"column":64}},"type":"binary-expr","locations":[{"start":{"line":308,"column":12},"end":{"line":308,"column":43}},{"start":{"line":308,"column":43},"end":{"line":308,"column":64}}],"line":308}},"s":{"0":42,"1":26,"2":25,"3":1,"4":4,"5":4,"6":1,"7":1,"8":7,"9":7,"10":7,"11":7,"12":7,"13":7,"14":3,"15":4,"16":2,"17":2,"18":2,"19":1,"20":1,"21":5,"22":5,"23":5,"24":5,"25":5,"26":5,"27":5,"28":5,"29":5,"30":5,"31":5,"32":2,"33":2,"34":2,"35":2,"36":2,"37":2,"38":2,"39":2,"40":2,"41":2,"42":2,"43":1,"44":1,"45":2,"46":2,"47":2,"48":2,"49":1,"50":1,"51":1,"52":1,"53":1,"54":26,"55":26,"56":26,"57":26,"58":8,"59":26,"60":8,"61":26,"62":2,"63":2,"64":4,"65":1,"66":3,"67":3,"68":3,"69":3,"70":3,"71":3,"72":3,"73":3,"74":3,"75":3,"76":3,"77":3,"78":2,"79":1,"80":1,"81":1,"82":1,"83":1,"84":1,"85":3,"86":1,"87":2,"88":2,"89":2,"90":1,"91":1,"92":1,"93":6,"94":6,"95":37,"96":37,"97":37,"98":1,"99":36,"100":6},"f":{"0":42,"1":42,"2":42,"3":42,"4":42,"5":42,"6":42,"7":42,"8":2,"9":42,"10":42,"11":42,"12":2,"13":4,"14":2,"15":3,"16":6},"b":{"0":[25,1],"1":[3,4],"2":[1,1],"3":[5,0],"4":[2,0],"5":[2,1],"6":[8,18],"7":[8,18],"8":[1,3],"9":[3,0],"10":[1,1],"11":[1,2],"12":[1,1],"13":[37,0],"14":[1,36],"15":[37,37]},"meta":{"lastBranch":16,"lastFunction":17,"lastStatement":101,"seen":{"s:23:43:25:Infinity":0,"f:31:9:31:37":0,"b:32:4:34:Infinity:undefined:undefined:undefined:undefined":0,"s:32:4:34:Infinity":1,"s:33:6:33:Infinity":2,"s:36:4:36:Infinity":3,"f:44:9:44:68":1,"s:45:23:45:Infinity":4,"s:46:4:46:Infinity":5,"f:54:15:54:69":2,"s:55:23:55:Infinity":6,"s:56:4:56:Infinity":7,"f:64:15:64:56":3,"s:65:23:65:Infinity":8,"s:66:28:66:Infinity":9,"s:67:22:67:Infinity":10,"s:69:10:69:Infinity":11,"s:70:20:70:Infinity":12,"b:72:4:74:Infinity:undefined:undefined:undefined:undefined":1,"s:72:4:74:Infinity":13,"s:73:6:73:Infinity":14,"s:76:4:76:Infinity":15,"f:84:15:84:62":4,"s:85:23:85:Infinity":16,"s:86:19:86:Infinity":17,"b:87:4:89:Infinity:undefined:undefined:undefined:undefined":2,"s:87:4:89:Infinity":18,"s:88:6:88:Infinity":19,"s:90:4:90:Infinity":20,"f:98:15:98:58":5,"s:99:23:99:Infinity":21,"s:100:28:100:Infinity":22,"s:101:22:101:Infinity":23,"s:104:25:104:Infinity":24,"b:106:4:109:Infinity:undefined:undefined:undefined:undefined":3,"s:106:4:109:Infinity":25,"s:107:6:107:Infinity":26,"s:108:6:108:Infinity":27,"s:112:4:112:Infinity":28,"s:115:10:115:Infinity":29,"s:116:19:116:Infinity":30,"s:119:4:119:Infinity":31,"f:127:15:127:Infinity":6,"s:132:23:132:Infinity":32,"s:133:28:133:Infinity":33,"s:134:22:134:Infinity":34,"s:137:25:137:Infinity":35,"b:139:4:142:Infinity:undefined:undefined:undefined:undefined":4,"s:139:4:142:Infinity":36,"s:140:6:140:Infinity":37,"s:141:6:141:Infinity":38,"s:145:4:145:Infinity":39,"s:148:10:148:Infinity":40,"s:149:4:149:Infinity":41,"s:152:4:152:Infinity":42,"f:163:15:163:62":7,"s:164:23:164:Infinity":43,"s:165:4:165:Infinity":44,"f:165:37:165:38":8,"s:165:47:165:70":45,"f:173:15:173:76":9,"s:174:23:174:Infinity":46,"s:175:20:175:Infinity":47,"s:176:4:176:Infinity":48,"b:176:11:176:25:176:25:176:Infinity":5,"f:184:15:184:23":10,"s:185:23:185:Infinity":49,"s:186:27:186:Infinity":50,"s:187:22:187:Infinity":51,"s:189:10:189:Infinity":52,"s:190:4:190:Infinity":53,"f:196:19:196:27":11,"s:197:21:197:Infinity":54,"s:198:4:198:Infinity":55,"s:201:4:201:Infinity":56,"b:204:4:206:Infinity:undefined:undefined:undefined:undefined":6,"s:204:4:206:Infinity":57,"s:205:6:205:Infinity":58,"b:207:4:209:Infinity:undefined:undefined:undefined:undefined":7,"s:207:4:209:Infinity":59,"s:208:6:208:Infinity":60,"s:211:4:211:Infinity":61,"f:220:2:220:8":12,"s:221:4:221:Infinity":62,"s:222:4:222:Infinity":63,"f:231:8:231:30":13,"b:232:4:234:Infinity:undefined:undefined:undefined:undefined":8,"s:232:4:234:Infinity":64,"s:233:6:233:Infinity":65,"s:236:23:236:Infinity":66,"s:237:28:237:Infinity":67,"s:238:22:238:Infinity":68,"s:240:10:240:Infinity":69,"s:241:28:241:Infinity":70,"b:244:4:247:Infinity:undefined:undefined:undefined:undefined":9,"s:244:4:247:Infinity":71,"s:245:6:245:Infinity":72,"s:246:6:246:Infinity":73,"s:250:4:250:Infinity":74,"s:251:4:251:Infinity":75,"s:253:4:253:Infinity":76,"s:255:4:255:Infinity":77,"f:263:8:263:32":14,"b:264:4:266:Infinity:undefined:undefined:undefined:undefined":10,"s:264:4:266:Infinity":78,"s:265:6:265:Infinity":79,"s:268:23:268:Infinity":80,"s:269:28:269:Infinity":81,"s:270:22:270:Infinity":82,"s:272:10:272:Infinity":83,"s:273:4:273:Infinity":84,"f:281:8:281:33":15,"b:282:4:284:Infinity:undefined:undefined:undefined:undefined":11,"s:282:4:284:Infinity":85,"s:283:6:283:Infinity":86,"s:286:23:286:Infinity":87,"s:287:18:287:Infinity":88,"b:289:4:291:Infinity:undefined:undefined:undefined:undefined":12,"s:289:4:291:Infinity":89,"s:290:6:290:Infinity":90,"s:293:4:293:Infinity":91,"s:294:4:294:Infinity":92,"f:300:2:300:32":16,"s:301:38:301:Infinity":93,"s:303:4:314:Infinity":94,"b:304:6:313:Infinity:undefined:undefined:undefined:undefined":13,"s:304:6:313:Infinity":95,"s:305:22:305:Infinity":96,"b:308:8:310:Infinity:undefined:undefined:undefined:undefined":14,"s:308:8:310:Infinity":97,"b:308:12:308:43:308:43:308:64":15,"s:309:10:309:Infinity":98,"s:312:8:312:Infinity":99,"s:316:4:316:Infinity":100}}}
,"/Users/lu7766/Documents/work/Tutor/macbook-pro-keyboard/firebase-lucid/src/Database/QueryBuilder.ts": {"path":"/Users/lu7766/Documents/work/Tutor/macbook-pro-keyboard/firebase-lucid/src/Database/QueryBuilder.ts","statementMap":{"0":{"start":{"line":24,"column":43},"end":{"line":24,"column":null}},"1":{"start":{"line":27,"column":12},"end":{"line":27,"column":null}},"2":{"start":{"line":28,"column":12},"end":{"line":28,"column":null}},"3":{"start":{"line":37,"column":4},"end":{"line":37,"column":null}},"4":{"start":{"line":38,"column":4},"end":{"line":38,"column":null}},"5":{"start":{"line":47,"column":4},"end":{"line":47,"column":null}},"6":{"start":{"line":56,"column":4},"end":{"line":56,"column":null}},"7":{"start":{"line":65,"column":4},"end":{"line":65,"column":null}},"8":{"start":{"line":74,"column":4},"end":{"line":74,"column":null}},"9":{"start":{"line":83,"column":4},"end":{"line":83,"column":null}},"10":{"start":{"line":92,"column":4},"end":{"line":92,"column":null}},"11":{"start":{"line":101,"column":4},"end":{"line":101,"column":null}},"12":{"start":{"line":110,"column":4},"end":{"line":110,"column":null}},"13":{"start":{"line":119,"column":4},"end":{"line":119,"column":null}},"14":{"start":{"line":128,"column":4},"end":{"line":128,"column":null}},"15":{"start":{"line":137,"column":4},"end":{"line":137,"column":null}},"16":{"start":{"line":138,"column":4},"end":{"line":138,"column":null}},"17":{"start":{"line":147,"column":4},"end":{"line":147,"column":null}},"18":{"start":{"line":148,"column":4},"end":{"line":148,"column":null}},"19":{"start":{"line":157,"column":4},"end":{"line":157,"column":null}},"20":{"start":{"line":158,"column":4},"end":{"line":158,"column":null}},"21":{"start":{"line":167,"column":22},"end":{"line":167,"column":null}},"22":{"start":{"line":168,"column":10},"end":{"line":168,"column":null}},"23":{"start":{"line":170,"column":10},"end":{"line":170,"column":null}},"24":{"start":{"line":171,"column":21},"end":{"line":171,"column":null}},"25":{"start":{"line":173,"column":29},"end":{"line":173,"column":null}},"26":{"start":{"line":175,"column":4},"end":{"line":177,"column":null}},"27":{"start":{"line":176,"column":6},"end":{"line":176,"column":null}},"28":{"start":{"line":187,"column":32},"end":{"line":187,"column":null}},"29":{"start":{"line":190,"column":4},"end":{"line":190,"column":null}},"30":{"start":{"line":191,"column":20},"end":{"line":191,"column":null}},"31":{"start":{"line":194,"column":4},"end":{"line":194,"column":null}},"32":{"start":{"line":196,"column":4},"end":{"line":196,"column":null}},"33":{"start":{"line":205,"column":19},"end":{"line":205,"column":null}},"34":{"start":{"line":206,"column":4},"end":{"line":208,"column":null}},"35":{"start":{"line":207,"column":6},"end":{"line":207,"column":null}},"36":{"start":{"line":209,"column":4},"end":{"line":209,"column":null}},"37":{"start":{"line":218,"column":20},"end":{"line":218,"column":null}},"38":{"start":{"line":219,"column":4},"end":{"line":219,"column":null}},"39":{"start":{"line":228,"column":19},"end":{"line":228,"column":null}},"40":{"start":{"line":229,"column":4},"end":{"line":229,"column":null}},"41":{"start":{"line":245,"column":22},"end":{"line":245,"column":null}},"42":{"start":{"line":246,"column":10},"end":{"line":246,"column":null}},"43":{"start":{"line":249,"column":10},"end":{"line":249,"column":null}},"44":{"start":{"line":250,"column":21},"end":{"line":250,"column":null}},"45":{"start":{"line":252,"column":4},"end":{"line":254,"column":null}},"46":{"start":{"line":253,"column":6},"end":{"line":253,"column":null}},"47":{"start":{"line":257,"column":28},"end":{"line":257,"column":null}},"48":{"start":{"line":258,"column":23},"end":{"line":258,"column":null}},"49":{"start":{"line":259,"column":4},"end":{"line":261,"column":null}},"50":{"start":{"line":260,"column":6},"end":{"line":260,"column":null}},"51":{"start":{"line":262,"column":4},"end":{"line":262,"column":null}},"52":{"start":{"line":263,"column":4},"end":{"line":263,"column":null}},"53":{"start":{"line":266,"column":4},"end":{"line":275,"column":null}},"54":{"start":{"line":267,"column":6},"end":{"line":269,"column":null}},"55":{"start":{"line":268,"column":26},"end":{"line":268,"column":71}},"56":{"start":{"line":271,"column":6},"end":{"line":274,"column":null}},"57":{"start":{"line":273,"column":28},"end":{"line":273,"column":null}},"58":{"start":{"line":277,"column":4},"end":{"line":277,"column":null}},"59":{"start":{"line":290,"column":22},"end":{"line":290,"column":null}},"60":{"start":{"line":291,"column":10},"end":{"line":291,"column":null}},"61":{"start":{"line":293,"column":10},"end":{"line":293,"column":null}},"62":{"start":{"line":294,"column":21},"end":{"line":294,"column":null}},"63":{"start":{"line":296,"column":4},"end":{"line":298,"column":null}},"64":{"start":{"line":297,"column":6},"end":{"line":297,"column":null}},"65":{"start":{"line":300,"column":4},"end":{"line":309,"column":null}},"66":{"start":{"line":301,"column":6},"end":{"line":303,"column":null}},"67":{"start":{"line":302,"column":26},"end":{"line":302,"column":59}},"68":{"start":{"line":305,"column":6},"end":{"line":308,"column":null}},"69":{"start":{"line":307,"column":28},"end":{"line":307,"column":null}},"70":{"start":{"line":311,"column":4},"end":{"line":311,"column":null}},"71":{"start":{"line":322,"column":22},"end":{"line":322,"column":null}},"72":{"start":{"line":323,"column":23},"end":{"line":323,"column":null}},"73":{"start":{"line":326,"column":4},"end":{"line":335,"column":null}},"74":{"start":{"line":326,"column":17},"end":{"line":326,"column":20}},"75":{"start":{"line":327,"column":12},"end":{"line":327,"column":null}},"76":{"start":{"line":328,"column":24},"end":{"line":328,"column":null}},"77":{"start":{"line":330,"column":6},"end":{"line":332,"column":null}},"78":{"start":{"line":331,"column":8},"end":{"line":331,"column":null}},"79":{"start":{"line":334,"column":6},"end":{"line":334,"column":null}}},"fnMap":{"0":{"name":"(anonymous_0)","decl":{"start":{"line":26,"column":2},"end":{"line":26,"column":null}},"loc":{"start":{"line":29,"column":4},"end":{"line":29,"column":null}},"line":29},"1":{"name":"(anonymous_1)","decl":{"start":{"line":36,"column":2},"end":{"line":36,"column":8}},"loc":{"start":{"line":36,"column":66},"end":{"line":39,"column":null}},"line":36},"2":{"name":"(anonymous_2)","decl":{"start":{"line":46,"column":2},"end":{"line":46,"column":14}},"loc":{"start":{"line":46,"column":47},"end":{"line":48,"column":null}},"line":46},"3":{"name":"(anonymous_3)","decl":{"start":{"line":55,"column":2},"end":{"line":55,"column":17}},"loc":{"start":{"line":55,"column":50},"end":{"line":57,"column":null}},"line":55},"4":{"name":"(anonymous_4)","decl":{"start":{"line":64,"column":2},"end":{"line":64,"column":19}},"loc":{"start":{"line":64,"column":52},"end":{"line":66,"column":null}},"line":64},"5":{"name":"(anonymous_5)","decl":{"start":{"line":73,"column":2},"end":{"line":73,"column":26}},"loc":{"start":{"line":73,"column":59},"end":{"line":75,"column":null}},"line":73},"6":{"name":"(anonymous_6)","decl":{"start":{"line":82,"column":2},"end":{"line":82,"column":16}},"loc":{"start":{"line":82,"column":49},"end":{"line":84,"column":null}},"line":82},"7":{"name":"(anonymous_7)","decl":{"start":{"line":91,"column":2},"end":{"line":91,"column":23}},"loc":{"start":{"line":91,"column":56},"end":{"line":93,"column":null}},"line":91},"8":{"name":"(anonymous_8)","decl":{"start":{"line":100,"column":2},"end":{"line":100,"column":10}},"loc":{"start":{"line":100,"column":46},"end":{"line":102,"column":null}},"line":100},"9":{"name":"(anonymous_9)","decl":{"start":{"line":109,"column":2},"end":{"line":109,"column":13}},"loc":{"start":{"line":109,"column":49},"end":{"line":111,"column":null}},"line":109},"10":{"name":"(anonymous_10)","decl":{"start":{"line":118,"column":2},"end":{"line":118,"column":21}},"loc":{"start":{"line":118,"column":54},"end":{"line":120,"column":null}},"line":118},"11":{"name":"(anonymous_11)","decl":{"start":{"line":127,"column":2},"end":{"line":127,"column":24}},"loc":{"start":{"line":127,"column":60},"end":{"line":129,"column":null}},"line":127},"12":{"name":"(anonymous_12)","decl":{"start":{"line":136,"column":2},"end":{"line":136,"column":10}},"loc":{"start":{"line":136,"column":68},"end":{"line":139,"column":null}},"line":136},"13":{"name":"(anonymous_13)","decl":{"start":{"line":146,"column":2},"end":{"line":146,"column":8}},"loc":{"start":{"line":146,"column":29},"end":{"line":149,"column":null}},"line":146},"14":{"name":"(anonymous_14)","decl":{"start":{"line":156,"column":2},"end":{"line":156,"column":13}},"loc":{"start":{"line":156,"column":47},"end":{"line":159,"column":null}},"line":156},"15":{"name":"(anonymous_15)","decl":{"start":{"line":166,"column":8},"end":{"line":166,"column":28}},"loc":{"start":{"line":166,"column":28},"end":{"line":178,"column":null}},"line":166},"16":{"name":"(anonymous_16)","decl":{"start":{"line":175,"column":29},"end":{"line":175,"column":30}},"loc":{"start":{"line":175,"column":38},"end":{"line":177,"column":5}},"line":175},"17":{"name":"(anonymous_17)","decl":{"start":{"line":185,"column":8},"end":{"line":185,"column":35}},"loc":{"start":{"line":185,"column":35},"end":{"line":197,"column":null}},"line":185},"18":{"name":"(anonymous_18)","decl":{"start":{"line":204,"column":8},"end":{"line":204,"column":34}},"loc":{"start":{"line":204,"column":34},"end":{"line":210,"column":null}},"line":204},"19":{"name":"(anonymous_19)","decl":{"start":{"line":217,"column":8},"end":{"line":217,"column":33}},"loc":{"start":{"line":217,"column":33},"end":{"line":220,"column":null}},"line":217},"20":{"name":"(anonymous_20)","decl":{"start":{"line":227,"column":8},"end":{"line":227,"column":35}},"loc":{"start":{"line":227,"column":35},"end":{"line":230,"column":null}},"line":227},"21":{"name":"(anonymous_21)","decl":{"start":{"line":241,"column":8},"end":{"line":241,"column":null}},"loc":{"start":{"line":244,"column":26},"end":{"line":278,"column":null}},"line":244},"22":{"name":"(anonymous_22)","decl":{"start":{"line":268,"column":26},"end":{"line":268,"column":37}},"loc":{"start":{"line":268,"column":26},"end":{"line":268,"column":71}},"line":268},"23":{"name":"(anonymous_23)","decl":{"start":{"line":273,"column":8},"end":{"line":273,"column":9}},"loc":{"start":{"line":273,"column":28},"end":{"line":273,"column":null}},"line":273},"24":{"name":"(anonymous_24)","decl":{"start":{"line":289,"column":8},"end":{"line":289,"column":15}},"loc":{"start":{"line":289,"column":65},"end":{"line":312,"column":null}},"line":289},"25":{"name":"(anonymous_25)","decl":{"start":{"line":302,"column":26},"end":{"line":302,"column":37}},"loc":{"start":{"line":302,"column":26},"end":{"line":302,"column":59}},"line":302},"26":{"name":"(anonymous_26)","decl":{"start":{"line":307,"column":8},"end":{"line":307,"column":9}},"loc":{"start":{"line":307,"column":28},"end":{"line":307,"column":null}},"line":307},"27":{"name":"(anonymous_27)","decl":{"start":{"line":318,"column":16},"end":{"line":318,"column":null}},"loc":{"start":{"line":321,"column":19},"end":{"line":336,"column":null}},"line":321}},"branchMap":{"0":{"loc":{"start":{"line":136,"column":25},"end":{"line":136,"column":68}},"type":"default-arg","locations":[{"start":{"line":136,"column":55},"end":{"line":136,"column":68}}],"line":136},"1":{"loc":{"start":{"line":196,"column":11},"end":{"line":196,"column":null}},"type":"binary-expr","locations":[{"start":{"line":196,"column":11},"end":{"line":196,"column":25}},{"start":{"line":196,"column":25},"end":{"line":196,"column":null}}],"line":196},"2":{"loc":{"start":{"line":206,"column":4},"end":{"line":208,"column":null}},"type":"if","locations":[{"start":{"line":206,"column":4},"end":{"line":208,"column":null}},{"start":{},"end":{}}],"line":206},"3":{"loc":{"start":{"line":243,"column":4},"end":{"line":243,"column":null}},"type":"default-arg","locations":[{"start":{"line":243,"column":28},"end":{"line":243,"column":null}}],"line":243},"4":{"loc":{"start":{"line":252,"column":4},"end":{"line":254,"column":null}},"type":"if","locations":[{"start":{"line":252,"column":4},"end":{"line":254,"column":null}},{"start":{},"end":{}}],"line":252},"5":{"loc":{"start":{"line":259,"column":4},"end":{"line":261,"column":null}},"type":"if","locations":[{"start":{"line":259,"column":4},"end":{"line":261,"column":null}},{"start":{},"end":{}}],"line":259},"6":{"loc":{"start":{"line":266,"column":4},"end":{"line":275,"column":null}},"type":"if","locations":[{"start":{"line":266,"column":4},"end":{"line":275,"column":null}},{"start":{"line":270,"column":11},"end":{"line":275,"column":null}}],"line":266},"7":{"loc":{"start":{"line":289,"column":15},"end":{"line":289,"column":65}},"type":"default-arg","locations":[{"start":{"line":289,"column":39},"end":{"line":289,"column":65}}],"line":289},"8":{"loc":{"start":{"line":296,"column":4},"end":{"line":298,"column":null}},"type":"if","locations":[{"start":{"line":296,"column":4},"end":{"line":298,"column":null}},{"start":{},"end":{}}],"line":296},"9":{"loc":{"start":{"line":300,"column":4},"end":{"line":309,"column":null}},"type":"if","locations":[{"start":{"line":300,"column":4},"end":{"line":309,"column":null}},{"start":{"line":304,"column":11},"end":{"line":309,"column":null}}],"line":300}},"s":{"0":46,"1":46,"2":46,"3":23,"4":23,"5":1,"6":2,"7":1,"8":1,"9":1,"10":1,"11":2,"12":1,"13":1,"14":1,"15":6,"16":6,"17":14,"18":14,"19":2,"20":2,"21":16,"22":16,"23":16,"24":16,"25":16,"26":16,"27":15,"28":8,"29":8,"30":8,"31":8,"32":8,"33":2,"34":2,"35":1,"36":1,"37":2,"38":2,"39":2,"40":2,"41":6,"42":6,"43":6,"44":6,"45":6,"46":1,"47":5,"48":5,"49":5,"50":5,"51":5,"52":5,"53":5,"54":1,"55":2,"56":4,"57":1205,"58":5,"59":4,"60":4,"61":4,"62":4,"63":4,"64":1,"65":3,"66":1,"67":2,"68":2,"69":752,"70":3,"71":6,"72":6,"73":6,"74":6,"75":9,"76":9,"77":9,"78":1957,"79":9},"f":{"0":46,"1":23,"2":1,"3":2,"4":1,"5":1,"6":1,"7":1,"8":2,"9":1,"10":1,"11":1,"12":6,"13":14,"14":2,"15":16,"16":15,"17":8,"18":2,"19":2,"20":2,"21":6,"22":2,"23":1205,"24":4,"25":2,"26":752,"27":6},"b":{"0":[6],"1":[8,3],"2":[1,1],"3":[6],"4":[1,5],"5":[5,0],"6":[1,4],"7":[4],"8":[1,3],"9":[1,2]},"meta":{"lastBranch":10,"lastFunction":28,"lastStatement":80,"seen":{"s:24:43:24:Infinity":0,"f:26:2:26:Infinity":0,"s:27:12:27:Infinity":1,"s:28:12:28:Infinity":2,"f:36:2:36:8":1,"s:37:4:37:Infinity":3,"s:38:4:38:Infinity":4,"f:46:2:46:14":2,"s:47:4:47:Infinity":5,"f:55:2:55:17":3,"s:56:4:56:Infinity":6,"f:64:2:64:19":4,"s:65:4:65:Infinity":7,"f:73:2:73:26":5,"s:74:4:74:Infinity":8,"f:82:2:82:16":6,"s:83:4:83:Infinity":9,"f:91:2:91:23":7,"s:92:4:92:Infinity":10,"f:100:2:100:10":8,"s:101:4:101:Infinity":11,"f:109:2:109:13":9,"s:110:4:110:Infinity":12,"f:118:2:118:21":10,"s:119:4:119:Infinity":13,"f:127:2:127:24":11,"s:128:4:128:Infinity":14,"f:136:2:136:10":12,"b:136:55:136:68":0,"s:137:4:137:Infinity":15,"s:138:4:138:Infinity":16,"f:146:2:146:8":13,"s:147:4:147:Infinity":17,"s:148:4:148:Infinity":18,"f:156:2:156:13":14,"s:157:4:157:Infinity":19,"s:158:4:158:Infinity":20,"f:166:8:166:28":15,"s:167:22:167:Infinity":21,"s:168:10:168:Infinity":22,"s:170:10:170:Infinity":23,"s:171:21:171:Infinity":24,"s:173:29:173:Infinity":25,"s:175:4:177:Infinity":26,"f:175:29:175:30":16,"s:176:6:176:Infinity":27,"f:185:8:185:35":17,"s:187:32:187:Infinity":28,"s:190:4:190:Infinity":29,"s:191:20:191:Infinity":30,"s:194:4:194:Infinity":31,"s:196:4:196:Infinity":32,"b:196:11:196:25:196:25:196:Infinity":1,"f:204:8:204:34":18,"s:205:19:205:Infinity":33,"b:206:4:208:Infinity:undefined:undefined:undefined:undefined":2,"s:206:4:208:Infinity":34,"s:207:6:207:Infinity":35,"s:209:4:209:Infinity":36,"f:217:8:217:33":19,"s:218:20:218:Infinity":37,"s:219:4:219:Infinity":38,"f:227:8:227:35":20,"s:228:19:228:Infinity":39,"s:229:4:229:Infinity":40,"f:241:8:241:Infinity":21,"b:243:28:243:Infinity":3,"s:245:22:245:Infinity":41,"s:246:10:246:Infinity":42,"s:249:10:249:Infinity":43,"s:250:21:250:Infinity":44,"b:252:4:254:Infinity:undefined:undefined:undefined:undefined":4,"s:252:4:254:Infinity":45,"s:253:6:253:Infinity":46,"s:257:28:257:Infinity":47,"s:258:23:258:Infinity":48,"b:259:4:261:Infinity:undefined:undefined:undefined:undefined":5,"s:259:4:261:Infinity":49,"s:260:6:260:Infinity":50,"s:262:4:262:Infinity":51,"s:263:4:263:Infinity":52,"b:266:4:275:Infinity:270:11:275:Infinity":6,"s:266:4:275:Infinity":53,"s:267:6:269:Infinity":54,"f:268:26:268:37":22,"s:268:26:268:71":55,"s:271:6:274:Infinity":56,"f:273:8:273:9":23,"s:273:28:273:Infinity":57,"s:277:4:277:Infinity":58,"f:289:8:289:15":24,"b:289:39:289:65":7,"s:290:22:290:Infinity":59,"s:291:10:291:Infinity":60,"s:293:10:293:Infinity":61,"s:294:21:294:Infinity":62,"b:296:4:298:Infinity:undefined:undefined:undefined:undefined":8,"s:296:4:298:Infinity":63,"s:297:6:297:Infinity":64,"b:300:4:309:Infinity:304:11:309:Infinity":9,"s:300:4:309:Infinity":65,"s:301:6:303:Infinity":66,"f:302:26:302:37":25,"s:302:26:302:59":67,"s:305:6:308:Infinity":68,"f:307:8:307:9":26,"s:307:28:307:Infinity":69,"s:311:4:311:Infinity":70,"f:318:16:318:Infinity":27,"s:322:22:322:Infinity":71,"s:323:23:323:Infinity":72,"s:326:4:335:Infinity":73,"s:326:17:326:20":74,"s:327:12:327:Infinity":75,"s:328:24:328:Infinity":76,"s:330:6:332:Infinity":77,"s:331:8:331:Infinity":78,"s:334:6:334:Infinity":79}}}
,"/Users/lu7766/Documents/work/Tutor/macbook-pro-keyboard/firebase-lucid/src/Utils/Timestamps.ts": {"path":"/Users/lu7766/Documents/work/Tutor/macbook-pro-keyboard/firebase-lucid/src/Utils/Timestamps.ts","statementMap":{"0":{"start":{"line":8,"column":4},"end":{"line":8,"column":null}},"1":{"start":{"line":15,"column":4},"end":{"line":15,"column":null}},"2":{"start":{"line":22,"column":4},"end":{"line":22,"column":null}},"3":{"start":{"line":29,"column":4},"end":{"line":29,"column":null}},"4":{"start":{"line":36,"column":4},"end":{"line":36,"column":null}}},"fnMap":{"0":{"name":"(anonymous_0)","decl":{"start":{"line":7,"column":9},"end":{"line":7,"column":26}},"loc":{"start":{"line":7,"column":26},"end":{"line":9,"column":null}},"line":7},"1":{"name":"(anonymous_1)","decl":{"start":{"line":14,"column":9},"end":{"line":14,"column":18}},"loc":{"start":{"line":14,"column":41},"end":{"line":16,"column":null}},"line":14},"2":{"name":"(anonymous_2)","decl":{"start":{"line":21,"column":9},"end":{"line":21,"column":20}},"loc":{"start":{"line":21,"column":53},"end":{"line":23,"column":null}},"line":21},"3":{"name":"(anonymous_3)","decl":{"start":{"line":28,"column":9},"end":{"line":28,"column":16}},"loc":{"start":{"line":28,"column":44},"end":{"line":30,"column":null}},"line":28},"4":{"name":"(anonymous_4)","decl":{"start":{"line":35,"column":9},"end":{"line":35,"column":18}},"loc":{"start":{"line":35,"column":48},"end":{"line":37,"column":null}},"line":35}},"branchMap":{},"s":{"0":2,"1":1,"2":1,"3":1,"4":2},"f":{"0":1,"1":1,"2":1,"3":1,"4":1},"b":{},"meta":{"lastBranch":0,"lastFunction":5,"lastStatement":5,"seen":{"f:7:9:7:26":0,"s:8:4:8:Infinity":0,"f:14:9:14:18":1,"s:15:4:15:Infinity":1,"f:21:9:21:20":2,"s:22:4:22:Infinity":2,"f:28:9:28:16":3,"s:29:4:29:Infinity":3,"f:35:9:35:18":4,"s:36:4:36:Infinity":4}}}
,"/Users/lu7766/Documents/work/Tutor/macbook-pro-keyboard/firebase-lucid/src/__tests__/helpers/firebase-mocks.ts": {"path":"/Users/lu7766/Documents/work/Tutor/macbook-pro-keyboard/firebase-lucid/src/__tests__/helpers/firebase-mocks.ts","statementMap":{"0":{"start":{"line":4,"column":31},"end":{"line":8,"column":null}},"1":{"start":{"line":11,"column":29},"end":{"line":14,"column":null}},"2":{"start":{"line":17,"column":24},"end":{"line":20,"column":null}},"3":{"start":{"line":23,"column":32},"end":{"line":28,"column":null}},"4":{"start":{"line":23,"column":73},"end":{"line":28,"column":null}},"5":{"start":{"line":31,"column":33},"end":{"line":36,"column":null}},"6":{"start":{"line":31,"column":76},"end":{"line":36,"column":null}},"7":{"start":{"line":33,"column":16},"end":{"line":33,"column":null}},"8":{"start":{"line":34,"column":14},"end":{"line":34,"column":null}},"9":{"start":{"line":39,"column":39},"end":{"line":43,"column":null}},"10":{"start":{"line":39,"column":57},"end":{"line":43,"column":null}},"11":{"start":{"line":46,"column":30},"end":{"line":52,"column":null}},"12":{"start":{"line":46,"column":63},"end":{"line":52,"column":null}},"13":{"start":{"line":55,"column":40},"end":{"line":59,"column":null}},"14":{"start":{"line":55,"column":56},"end":{"line":59,"column":null}},"15":{"start":{"line":63,"column":21},"end":{"line":63,"column":45}},"16":{"start":{"line":63,"column":45},"end":{"line":63,"column":66}},"17":{"start":{"line":66,"column":4},"end":{"line":66,"column":null}},"18":{"start":{"line":70,"column":4},"end":{"line":70,"column":null}},"19":{"start":{"line":74,"column":16},"end":{"line":74,"column":null}},"20":{"start":{"line":75,"column":4},"end":{"line":75,"column":null}},"21":{"start":{"line":79,"column":15},"end":{"line":79,"column":null}},"22":{"start":{"line":80,"column":4},"end":{"line":80,"column":null}},"23":{"start":{"line":84,"column":20},"end":{"line":84,"column":null}},"24":{"start":{"line":85,"column":25},"end":{"line":85,"column":null}},"25":{"start":{"line":86,"column":4},"end":{"line":86,"column":null}},"26":{"start":{"line":91,"column":29},"end":{"line":94,"column":null}},"27":{"start":{"line":92,"column":2},"end":{"line":92,"column":null}},"28":{"start":{"line":93,"column":2},"end":{"line":93,"column":null}}},"fnMap":{"0":{"name":"(anonymous_0)","decl":{"start":{"line":23,"column":32},"end":{"line":23,"column":33}},"loc":{"start":{"line":23,"column":73},"end":{"line":28,"column":null}},"line":23},"1":{"name":"(anonymous_1)","decl":{"start":{"line":31,"column":33},"end":{"line":31,"column":34}},"loc":{"start":{"line":31,"column":76},"end":{"line":36,"column":null}},"line":31},"2":{"name":"(anonymous_2)","decl":{"start":{"line":33,"column":10},"end":{"line":33,"column":16}},"loc":{"start":{"line":33,"column":16},"end":{"line":33,"column":null}},"line":33},"3":{"name":"(anonymous_3)","decl":{"start":{"line":34,"column":8},"end":{"line":34,"column":14}},"loc":{"start":{"line":34,"column":14},"end":{"line":34,"column":null}},"line":34},"4":{"name":"(anonymous_4)","decl":{"start":{"line":39,"column":39},"end":{"line":39,"column":40}},"loc":{"start":{"line":39,"column":57},"end":{"line":43,"column":null}},"line":39},"5":{"name":"(anonymous_5)","decl":{"start":{"line":46,"column":30},"end":{"line":46,"column":31}},"loc":{"start":{"line":46,"column":63},"end":{"line":52,"column":null}},"line":46},"6":{"name":"(anonymous_6)","decl":{"start":{"line":55,"column":40},"end":{"line":55,"column":41}},"loc":{"start":{"line":55,"column":56},"end":{"line":59,"column":null}},"line":55},"7":{"name":"(anonymous_7)","decl":{"start":{"line":63,"column":2},"end":{"line":63,"column":21}},"loc":{"start":{"line":63,"column":66},"end":{"line":63,"column":null}},"line":63},"8":{"name":"(anonymous_8)","decl":{"start":{"line":65,"column":2},"end":{"line":65,"column":17}},"loc":{"start":{"line":65,"column":17},"end":{"line":67,"column":null}},"line":65},"9":{"name":"(anonymous_9)","decl":{"start":{"line":69,"column":2},"end":{"line":69,"column":21}},"loc":{"start":{"line":69,"column":21},"end":{"line":71,"column":null}},"line":69},"10":{"name":"(anonymous_10)","decl":{"start":{"line":73,"column":9},"end":{"line":73,"column":30}},"loc":{"start":{"line":73,"column":30},"end":{"line":76,"column":null}},"line":73},"11":{"name":"(anonymous_11)","decl":{"start":{"line":78,"column":9},"end":{"line":78,"column":18}},"loc":{"start":{"line":78,"column":45},"end":{"line":81,"column":null}},"line":78},"12":{"name":"(anonymous_12)","decl":{"start":{"line":83,"column":9},"end":{"line":83,"column":20}},"loc":{"start":{"line":83,"column":51},"end":{"line":87,"column":null}},"line":83},"13":{"name":"(anonymous_13)","decl":{"start":{"line":91,"column":29},"end":{"line":91,"column":35}},"loc":{"start":{"line":91,"column":35},"end":{"line":94,"column":null}},"line":91}},"branchMap":{"0":{"loc":{"start":{"line":31,"column":57},"end":{"line":31,"column":76}},"type":"default-arg","locations":[{"start":{"line":31,"column":66},"end":{"line":31,"column":76}}],"line":31}},"s":{"0":6,"1":6,"2":6,"3":6,"4":1997,"5":6,"6":1983,"7":7,"8":19,"9":6,"10":0,"11":6,"12":9,"13":6,"14":5,"15":31,"16":31,"17":18,"18":3,"19":28,"20":28,"21":1,"22":1,"23":2,"24":2,"25":2,"26":6,"27":0,"28":0},"f":{"0":1997,"1":1983,"2":7,"3":19,"4":0,"5":9,"6":5,"7":31,"8":18,"9":3,"10":6,"11":6,"12":6,"13":0},"b":{"0":[1983]},"meta":{"lastBranch":1,"lastFunction":14,"lastStatement":29,"seen":{"s:4:31:8:Infinity":0,"s:11:29:14:Infinity":1,"s:17:24:20:Infinity":2,"s:23:32:28:Infinity":3,"f:23:32:23:33":0,"s:23:73:28:Infinity":4,"s:31:33:36:Infinity":5,"f:31:33:31:34":1,"s:31:76:36:Infinity":6,"b:31:66:31:76":0,"f:33:10:33:16":2,"s:33:16:33:Infinity":7,"f:34:8:34:14":3,"s:34:14:34:Infinity":8,"s:39:39:43:Infinity":9,"f:39:39:39:40":4,"s:39:57:43:Infinity":10,"s:46:30:52:Infinity":11,"f:46:30:46:31":5,"s:46:63:52:Infinity":12,"s:55:40:59:Infinity":13,"f:55:40:55:41":6,"s:55:56:59:Infinity":14,"f:63:2:63:21":7,"s:63:21:63:45":15,"s:63:45:63:66":16,"f:65:2:65:17":8,"s:66:4:66:Infinity":17,"f:69:2:69:21":9,"s:70:4:70:Infinity":18,"f:73:9:73:30":10,"s:74:16:74:Infinity":19,"s:75:4:75:Infinity":20,"f:78:9:78:18":11,"s:79:15:79:Infinity":21,"s:80:4:80:Infinity":22,"f:83:9:83:20":12,"s:84:20:84:Infinity":23,"s:85:25:85:Infinity":24,"s:86:4:86:Infinity":25,"s:91:29:94:Infinity":26,"f:91:29:91:35":13,"s:92:2:92:Infinity":27,"s:93:2:93:Infinity":28}}}
}
